<?xml version="1.0" encoding="UTF-8"?>
<testng-results ignored="0" total="1" passed="1" failed="0" skipped="0">
  <reporter-output>
  </reporter-output>
  <suite started-at="2024-08-02T15:25:20 IST" name="Default suite" finished-at="2024-08-02T15:25:20 IST" duration-ms="137">
    <groups>
    </groups>
    <test started-at="2024-08-02T15:25:20 IST" name="Default test" finished-at="2024-08-02T15:25:20 IST" duration-ms="137">
      <class name="PS">
        <test-method is-config="true" signature="BM()[pri:0, instance:PS@58695725]" started-at="2024-08-02T15:25:20 IST" name="BM" finished-at="2024-08-02T15:25:20 IST" duration-ms="12" status="PASS">
          <reporter-output>
          </reporter-output>
        </test-method> <!-- BM -->
        <test-method signature="getPS1()[pri:0, instance:PS@58695725]" started-at="2024-08-02T15:25:20 IST" name="getPS1" finished-at="2024-08-02T15:25:20 IST" duration-ms="17" status="PASS">
          <reporter-output>
          </reporter-output>
        </test-method> <!-- getPS1 -->
        <test-method is-config="true" signature="AM()[pri:0, instance:PS@58695725]" started-at="2024-08-02T15:25:20 IST" name="AM" finished-at="2024-08-02T15:25:20 IST" duration-ms="2" status="PASS">
          <reporter-output>
          </reporter-output>
        </test-method> <!-- AM -->
      </class> <!-- PS -->
    </test> <!-- Default test -->
  </suite> <!-- Default suite -->
</testng-results>
